  goals_proj.cpp
C:\Proj\Repositories\GoalsARMPython\src\goals_proj\goals_proj.cpp(251,75): warning C4244: 'argument': conversion from 'T' to 'const int', possible loss of data
          with
          [
              T=double
          ]
C:\Proj\Repositories\GoalsARM\include\DPData.h(499,15): warning C4267: 'argument': conversion from 'size_t' to 'const int', possible loss of data
C:\Proj\Repositories\GoalsARM\include\DPData.h(494,81): message : while compiling class template member function 'void DP::ModelData<DP::Projection::popsize_t>::init_pasfrs_from_5yr(const DP::year_age_ref_t)'
C:\Proj\Repositories\GoalsARMPython\src\goals_proj\goals_proj.cpp(123,32): message : see the first reference to 'DP::ModelData<DP::Projection::popsize_t>::init_pasfrs_from_5yr' in 'GoalsProj::init_pasfrs_from_5yr'
C:\Proj\Repositories\GoalsARM\include\DPProjection.h(16,24): message : see reference to class template instantiation 'DP::ModelData<DP::Projection::popsize_t>' being compiled
C:\Proj\Repositories\GoalsARM\include\DPData.h(499,12): warning C4267: 'argument': conversion from 'size_t' to 'const int', possible loss of data
C:\Proj\Repositories\GoalsARM\include\DPData.h(530,60): warning C4267: 'argument': conversion from 'size_t' to 'const int', possible loss of data
C:\Proj\Repositories\GoalsARM\include\DPData.h(504,95): message : while compiling class template member function 'void DP::ModelData<DP::Projection::popsize_t>::init_migr_from_5yr(const int,const DP::year_age_ref_t)'
C:\Proj\Repositories\GoalsARMPython\src\goals_proj\goals_proj.cpp(149,30): message : see the first reference to 'DP::ModelData<DP::Projection::popsize_t>::init_migr_from_5yr' in 'GoalsProj::init_migr_from_5yr'
C:\Proj\Repositories\GoalsARM\include\DPData.h(530,52): warning C4267: 'argument': conversion from 'size_t' to 'const int', possible loss of data
C:\Proj\Repositories\GoalsARM\include\DPData.h(545,58): warning C4267: 'argument': conversion from 'size_t' to 'const int', possible loss of data
C:\Proj\Repositories\GoalsARM\include\DPData.h(535,95): message : while compiling class template member function 'void DP::ModelData<DP::Projection::popsize_t>::init_age_irr_from_5yr(const int,const DP::year_age_ref_t)'
C:\Proj\Repositories\GoalsARMPython\src\goals_proj\goals_proj.cpp(187,33): message : see the first reference to 'DP::ModelData<DP::Projection::popsize_t>::init_age_irr_from_5yr' in 'GoalsProj::init_direct_incidence'
C:\Proj\Repositories\GoalsARM\include\DPData.h(545,50): warning C4267: 'argument': conversion from 'size_t' to 'const int', possible loss of data
C:\Proj\Repositories\GoalsARM\include\DPUtil.h(151,47): warning C4244: 'argument': conversion from 'double' to 'const int', possible loss of data
C:\Proj\Repositories\GoalsARMPython\src\goals_proj\goals_proj.cpp(227,8): message : see reference to function template instantiation 'void DP::set_keypop_age<DP::Projection::popsize_t>(DP::ModelData<DP::Projection::popsize_t> &,const int,const DP::pop_t,const double,const double)' being compiled
     Creating library C:\Proj\Repositories\GoalsARMPython\src\goals_proj\x64\Debug\goals_proj.lib and object C:\Proj\Repositories\GoalsARMPython\src\goals_proj\x64\Debug\goals_proj.exp
  goals_proj.vcxproj -> C:\Proj\Repositories\GoalsARMPython\src\goals_proj\x64\Debug\goals_proj.pyd
